Using pre-set license
Built from '2021.3/staging' branch; Version is '2021.3.15f1 (e8e88683f834) revision 15263878'; Using compiler version '192829333'; Build Type 'Release'
OS: 'Windows 10  (10.0.19044) 64bit CoreSingleLanguage' Language: 'ru' Physical Memory: 16151 MB
BatchMode: 1, IsHumanControllingUs: 0, StartBugReporterOnCrash: 0, Is64bit: 1, IsPro: 1

COMMAND LINE ARGUMENTS:
C:\Program Files\Unity\Hub\Editor\2021.3.15f1\Editor\Unity.exe
-adb2
-batchMode
-noUpm
-name
AssetImportWorker0
-projectPath
C:/Development/Metaverse/Metaverse
-logFile
Logs/AssetImportWorker0.log
-srvPort
61442
Successfully changed project path to: C:/Development/Metaverse/Metaverse
C:/Development/Metaverse/Metaverse
[UnityMemory] Configuration Parameters - Can be set up in boot.config
    "memorysetup-bucket-allocator-granularity=16"
    "memorysetup-bucket-allocator-bucket-count=8"
    "memorysetup-bucket-allocator-block-size=33554432"
    "memorysetup-bucket-allocator-block-count=8"
    "memorysetup-main-allocator-block-size=16777216"
    "memorysetup-thread-allocator-block-size=16777216"
    "memorysetup-gfx-main-allocator-block-size=16777216"
    "memorysetup-gfx-thread-allocator-block-size=16777216"
    "memorysetup-cache-allocator-block-size=4194304"
    "memorysetup-typetree-allocator-block-size=2097152"
    "memorysetup-profiler-bucket-allocator-granularity=16"
    "memorysetup-profiler-bucket-allocator-bucket-count=8"
    "memorysetup-profiler-bucket-allocator-block-size=33554432"
    "memorysetup-profiler-bucket-allocator-block-count=8"
    "memorysetup-profiler-allocator-block-size=16777216"
    "memorysetup-profiler-editor-allocator-block-size=1048576"
    "memorysetup-temp-allocator-size-main=16777216"
    "memorysetup-job-temp-allocator-block-size=2097152"
    "memorysetup-job-temp-allocator-block-size-background=1048576"
    "memorysetup-job-temp-allocator-reduction-small-platforms=262144"
    "memorysetup-temp-allocator-size-background-worker=32768"
    "memorysetup-temp-allocator-size-job-worker=262144"
    "memorysetup-temp-allocator-size-preload-manager=33554432"
    "memorysetup-temp-allocator-size-nav-mesh-worker=65536"
    "memorysetup-temp-allocator-size-audio-worker=65536"
    "memorysetup-temp-allocator-size-cloud-worker=32768"
    "memorysetup-temp-allocator-size-gi-baking-worker=262144"
    "memorysetup-temp-allocator-size-gfx=262144"
Player connection [9856] Host "[IP] 192.168.0.103 [Port] 0 [Flags] 2 [Guid] 3505607387 [EditorId] 3505607387 [Version] 1048832 [Id] WindowsEditor(7,LAPTOP-1DNSHIJ3) [Debug] 1 [PackageName] WindowsEditor [ProjectName] Editor" joined multi-casting on [225.0.0.222:54997]...

Player connection [9856] Host "[IP] 192.168.0.103 [Port] 0 [Flags] 2 [Guid] 3505607387 [EditorId] 3505607387 [Version] 1048832 [Id] WindowsEditor(7,LAPTOP-1DNSHIJ3) [Debug] 1 [PackageName] WindowsEditor [ProjectName] Editor" joined alternative multi-casting on [225.0.0.222:34997]...

Refreshing native plugins compatible for Editor in 39.67 ms, found 5 plugins.
Preloading 0 native plugins for Editor in 0.00 ms.
Initialize engine version: 2021.3.15f1 (e8e88683f834)
[Subsystems] Discovering subsystems at path C:/Program Files/Unity/Hub/Editor/2021.3.15f1/Editor/Data/Resources/UnitySubsystems
[Subsystems] Discovering subsystems at path C:/Development/Metaverse/Metaverse/Assets
GfxDevice: creating device client; threaded=0; jobified=0
Direct3D:
    Version:  Direct3D 11.0 [level 11.1]
    Renderer: NVIDIA GeForce RTX 3080 (ID=0x2216)
    Vendor:   NVIDIA
    VRAM:     10078 MB
    Driver:   27.21.14.6647
Initialize mono
Mono path[0] = 'C:/Program Files/Unity/Hub/Editor/2021.3.15f1/Editor/Data/Managed'
Mono path[1] = 'C:/Program Files/Unity/Hub/Editor/2021.3.15f1/Editor/Data/MonoBleedingEdge/lib/mono/unityjit-win32'
Mono config path = 'C:/Program Files/Unity/Hub/Editor/2021.3.15f1/Editor/Data/MonoBleedingEdge/etc'
Using monoOptions --debugger-agent=transport=dt_socket,embedding=1,server=y,suspend=n,address=127.0.0.1:56408
Begin MonoManager ReloadAssembly
Registering precompiled unity dll's ...
Register platform support module: C:/Program Files/Unity/Hub/Editor/2021.3.15f1/Editor/Data/PlaybackEngines/WebGLSupport/UnityEditor.WebGL.Extensions.dll
Register platform support module: C:/Program Files/Unity/Hub/Editor/2021.3.15f1/Editor/Data/PlaybackEngines/WindowsStandaloneSupport/UnityEditor.WindowsStandalone.Extensions.dll
Register platform support module: C:/Program Files/Unity/Hub/Editor/2021.3.15f1/Editor/Data/PlaybackEngines/MetroSupport/UnityEditor.UWP.Extensions.dll
Registered in 0.009968 seconds.
Native extension for UWP target not found
Native extension for WindowsStandalone target not found
Native extension for WebGL target not found
Refreshing native plugins compatible for Editor in 38.19 ms, found 5 plugins.
Preloading 0 native plugins for Editor in 0.00 ms.
Mono: successfully reloaded assembly
- Completed reload, in  0.600 seconds
Domain Reload Profiling:
	ReloadAssembly (601ms)
		BeginReloadAssembly (74ms)
			ExecutionOrderSort (0ms)
			DisableScriptedObjects (0ms)
			BackupInstance (0ms)
			ReleaseScriptingObjects (0ms)
			CreateAndSetChildDomain (1ms)
		EndReloadAssembly (403ms)
			LoadAssemblies (73ms)
			RebuildTransferFunctionScriptingTraits (0ms)
			SetupTypeCache (110ms)
			ReleaseScriptCaches (0ms)
			RebuildScriptCaches (28ms)
			SetupLoadedEditorAssemblies (215ms)
				LogAssemblyErrors (0ms)
				InitializePlatformSupportModulesInManaged (9ms)
				SetLoadedEditorAssemblies (0ms)
				RefreshPlugins (38ms)
				BeforeProcessingInitializeOnLoad (1ms)
				ProcessInitializeOnLoadAttributes (118ms)
				ProcessInitializeOnLoadMethodAttributes (49ms)
				AfterProcessingInitializeOnLoad (0ms)
				EditorAssembliesLoaded (0ms)
			ExecutionOrderSort2 (0ms)
			AwakeInstancesAfterBackupRestoration (0ms)
Platform modules already initialized, skipping
Registering precompiled user dll's ...
Registered in 0.004292 seconds.
Begin MonoManager ReloadAssembly
Native extension for UWP target not found
Native extension for WindowsStandalone target not found
Native extension for WebGL target not found
Refreshing native plugins compatible for Editor in 1.01 ms, found 5 plugins.
Preloading 0 native plugins for Editor in 0.00 ms.
Package Manager log level set to [2]
Mono: successfully reloaded assembly
- Completed reload, in  0.949 seconds
Domain Reload Profiling:
	ReloadAssembly (950ms)
		BeginReloadAssembly (106ms)
			ExecutionOrderSort (0ms)
			DisableScriptedObjects (5ms)
			BackupInstance (0ms)
			ReleaseScriptingObjects (0ms)
			CreateAndSetChildDomain (19ms)
		EndReloadAssembly (730ms)
			LoadAssemblies (73ms)
			RebuildTransferFunctionScriptingTraits (0ms)
			SetupTypeCache (220ms)
			ReleaseScriptCaches (2ms)
			RebuildScriptCaches (77ms)
			SetupLoadedEditorAssemblies (310ms)
				LogAssemblyErrors (0ms)
				InitializePlatformSupportModulesInManaged (9ms)
				SetLoadedEditorAssemblies (1ms)
				RefreshPlugins (1ms)
				BeforeProcessingInitializeOnLoad (64ms)
				ProcessInitializeOnLoadAttributes (204ms)
				ProcessInitializeOnLoadMethodAttributes (23ms)
				AfterProcessingInitializeOnLoad (7ms)
				EditorAssembliesLoaded (0ms)
			ExecutionOrderSort2 (0ms)
			AwakeInstancesAfterBackupRestoration (5ms)
Platform modules already initialized, skipping
========================================================================
Worker process is ready to serve import requests
Launched and connected shader compiler UnityShaderCompiler.exe after 0.03 seconds
Refreshing native plugins compatible for Editor in 0.83 ms, found 5 plugins.
Preloading 0 native plugins for Editor in 0.00 ms.
Unloading 2083 Unused Serialized files (Serialized files now loaded: 0)
Unloading 29 unused Assets / (387.9 KB). Loaded Objects now: 2553.
Memory consumption went from 90.9 MB to 90.5 MB.
Total: 7.655300 ms (FindLiveObjects: 0.315400 ms CreateObjectMapping: 0.521000 ms MarkObjects: 6.407800 ms  DeleteObjects: 0.408100 ms)

AssetImportParameters requested are different than current active one (requested -> active):
  custom:video-decoder-ogg-theora: a1e56fd34408186e4bbccfd4996cb3dc -> 
  custom:container-muxer-webm: aa71ff27fc2769a1b78a27578f13a17b -> 
  custom:container-demuxer-webm: 4f35f7cbe854078d1ac9338744f61a02 -> 
  custom:video-encoder-webm-vp8: eb34c28f22e8b96e1ab97ce403110664 -> 
  custom:audio-encoder-webm-vorbis: bf7c407c2cedff20999df2af8eb42d56 -> 
  custom:framework-win-MediaFoundation: 216162199b28c13a410421893ffa2e32 -> 
  custom:container-demuxer-ogg: 62fdf1f143b41e24485cea50d1cbac27 -> 
  custom:video-decoder-webm-vp8: 9c59270c3fd7afecdb556c50c9e8de78 -> 
  custom:audio-decoder-ogg-vorbis: bf7c407c2cedff20999df2af8eb42d56 -> 
========================================================================
Received Import Request.
  Time since last request: 132188.207118 seconds.
  path: Assets/Engine/Engine.asmdef
  artifactKey: Guid(3c7c57c1e4b36b84d89bd2ef8f508a94) Importer(815301076,1909f56bfc062723c751e8b465ee728b)
Start importing Assets/Engine/Engine.asmdef using Guid(3c7c57c1e4b36b84d89bd2ef8f508a94) Importer(815301076,1909f56bfc062723c751e8b465ee728b)  -> (artifact id: '2711941aef4d1ed471bb5e98691f3025') in 0.044642 seconds 
========================================================================
Received Prepare
Registering precompiled user dll's ...
Registered in 0.003774 seconds.
Begin MonoManager ReloadAssembly
Native extension for UWP target not found
Native extension for WindowsStandalone target not found
Native extension for WebGL target not found
Refreshing native plugins compatible for Editor in 0.55 ms, found 5 plugins.
Preloading 0 native plugins for Editor in 0.00 ms.
Mono: successfully reloaded assembly
- Completed reload, in  0.941 seconds
Domain Reload Profiling:
	ReloadAssembly (941ms)
		BeginReloadAssembly (118ms)
			ExecutionOrderSort (0ms)
			DisableScriptedObjects (4ms)
			BackupInstance (0ms)
			ReleaseScriptingObjects (0ms)
			CreateAndSetChildDomain (29ms)
		EndReloadAssembly (713ms)
			LoadAssemblies (75ms)
			RebuildTransferFunctionScriptingTraits (0ms)
			SetupTypeCache (207ms)
			ReleaseScriptCaches (1ms)
			RebuildScriptCaches (48ms)
			SetupLoadedEditorAssemblies (341ms)
				LogAssemblyErrors (0ms)
				InitializePlatformSupportModulesInManaged (15ms)
				SetLoadedEditorAssemblies (0ms)
				RefreshPlugins (1ms)
				BeforeProcessingInitializeOnLoad (67ms)
				ProcessInitializeOnLoadAttributes (225ms)
				ProcessInitializeOnLoadMethodAttributes (26ms)
				AfterProcessingInitializeOnLoad (8ms)
				EditorAssembliesLoaded (0ms)
			ExecutionOrderSort2 (0ms)
			AwakeInstancesAfterBackupRestoration (7ms)
Platform modules already initialized, skipping
Refreshing native plugins compatible for Editor in 1.97 ms, found 5 plugins.
Preloading 0 native plugins for Editor in 0.00 ms.
Unloading 2051 Unused Serialized files (Serialized files now loaded: 0)
Unloading 21 unused Assets / (363.1 KB). Loaded Objects now: 2557.
Memory consumption went from 88.7 MB to 88.4 MB.
Total: 6.444500 ms (FindLiveObjects: 0.684200 ms CreateObjectMapping: 0.673100 ms MarkObjects: 4.796400 ms  DeleteObjects: 0.289500 ms)

AssetImportParameters requested are different than current active one (requested -> active):
  custom:video-decoder-ogg-theora: a1e56fd34408186e4bbccfd4996cb3dc -> 
  custom:container-muxer-webm: aa71ff27fc2769a1b78a27578f13a17b -> 
  custom:container-demuxer-webm: 4f35f7cbe854078d1ac9338744f61a02 -> 
  custom:video-encoder-webm-vp8: eb34c28f22e8b96e1ab97ce403110664 -> 
  custom:audio-encoder-webm-vorbis: bf7c407c2cedff20999df2af8eb42d56 -> 
  custom:framework-win-MediaFoundation: 216162199b28c13a410421893ffa2e32 -> 
  custom:container-demuxer-ogg: 62fdf1f143b41e24485cea50d1cbac27 -> 
  custom:video-decoder-webm-vp8: 9c59270c3fd7afecdb556c50c9e8de78 -> 
  custom:audio-decoder-ogg-vorbis: bf7c407c2cedff20999df2af8eb42d56 -> 
========================================================================
Received Prepare
Registering precompiled user dll's ...
Registered in 0.005056 seconds.
Begin MonoManager ReloadAssembly
Native extension for UWP target not found
Native extension for WindowsStandalone target not found
Native extension for WebGL target not found
Refreshing native plugins compatible for Editor in 1.37 ms, found 5 plugins.
Preloading 0 native plugins for Editor in 0.00 ms.
Mono: successfully reloaded assembly
- Completed reload, in  1.374 seconds
Domain Reload Profiling:
	ReloadAssembly (1375ms)
		BeginReloadAssembly (149ms)
			ExecutionOrderSort (0ms)
			DisableScriptedObjects (7ms)
			BackupInstance (0ms)
			ReleaseScriptingObjects (0ms)
			CreateAndSetChildDomain (52ms)
		EndReloadAssembly (1083ms)
			LoadAssemblies (102ms)
			RebuildTransferFunctionScriptingTraits (0ms)
			SetupTypeCache (359ms)
			ReleaseScriptCaches (2ms)
			RebuildScriptCaches (93ms)
			SetupLoadedEditorAssemblies (424ms)
				LogAssemblyErrors (0ms)
				InitializePlatformSupportModulesInManaged (24ms)
				SetLoadedEditorAssemblies (1ms)
				RefreshPlugins (1ms)
				BeforeProcessingInitializeOnLoad (89ms)
				ProcessInitializeOnLoadAttributes (265ms)
				ProcessInitializeOnLoadMethodAttributes (32ms)
				AfterProcessingInitializeOnLoad (11ms)
				EditorAssembliesLoaded (0ms)
			ExecutionOrderSort2 (0ms)
			AwakeInstancesAfterBackupRestoration (9ms)
Platform modules already initialized, skipping
Refreshing native plugins compatible for Editor in 1.69 ms, found 5 plugins.
Preloading 0 native plugins for Editor in 0.00 ms.
Unloading 2051 Unused Serialized files (Serialized files now loaded: 0)
Unloading 21 unused Assets / (363.3 KB). Loaded Objects now: 2561.
Memory consumption went from 88.8 MB to 88.4 MB.
Total: 6.056400 ms (FindLiveObjects: 0.345100 ms CreateObjectMapping: 0.175300 ms MarkObjects: 4.400700 ms  DeleteObjects: 1.133500 ms)

AssetImportParameters requested are different than current active one (requested -> active):
  custom:video-decoder-ogg-theora: a1e56fd34408186e4bbccfd4996cb3dc -> 
  custom:container-muxer-webm: aa71ff27fc2769a1b78a27578f13a17b -> 
  custom:container-demuxer-webm: 4f35f7cbe854078d1ac9338744f61a02 -> 
  custom:video-encoder-webm-vp8: eb34c28f22e8b96e1ab97ce403110664 -> 
  custom:audio-encoder-webm-vorbis: bf7c407c2cedff20999df2af8eb42d56 -> 
  custom:framework-win-MediaFoundation: 216162199b28c13a410421893ffa2e32 -> 
  custom:container-demuxer-ogg: 62fdf1f143b41e24485cea50d1cbac27 -> 
  custom:video-decoder-webm-vp8: 9c59270c3fd7afecdb556c50c9e8de78 -> 
  custom:audio-decoder-ogg-vorbis: bf7c407c2cedff20999df2af8eb42d56 -> 
========================================================================
Received Prepare
Registering precompiled user dll's ...
Registered in 0.005181 seconds.
Begin MonoManager ReloadAssembly
Native extension for UWP target not found
Native extension for WindowsStandalone target not found
Native extension for WebGL target not found
Refreshing native plugins compatible for Editor in 1.60 ms, found 5 plugins.
Preloading 0 native plugins for Editor in 0.00 ms.
Mono: successfully reloaded assembly
- Completed reload, in  1.179 seconds
Domain Reload Profiling:
	ReloadAssembly (1179ms)
		BeginReloadAssembly (135ms)
			ExecutionOrderSort (0ms)
			DisableScriptedObjects (5ms)
			BackupInstance (0ms)
			ReleaseScriptingObjects (0ms)
			CreateAndSetChildDomain (33ms)
		EndReloadAssembly (941ms)
			LoadAssemblies (86ms)
			RebuildTransferFunctionScriptingTraits (0ms)
			SetupTypeCache (229ms)
			ReleaseScriptCaches (1ms)
			RebuildScriptCaches (78ms)
			SetupLoadedEditorAssemblies (458ms)
				LogAssemblyErrors (0ms)
				InitializePlatformSupportModulesInManaged (29ms)
				SetLoadedEditorAssemblies (1ms)
				RefreshPlugins (2ms)
				BeforeProcessingInitializeOnLoad (91ms)
				ProcessInitializeOnLoadAttributes (295ms)
				ProcessInitializeOnLoadMethodAttributes (29ms)
				AfterProcessingInitializeOnLoad (10ms)
				EditorAssembliesLoaded (1ms)
			ExecutionOrderSort2 (0ms)
			AwakeInstancesAfterBackupRestoration (7ms)
Platform modules already initialized, skipping
Refreshing native plugins compatible for Editor in 2.41 ms, found 5 plugins.
Preloading 0 native plugins for Editor in 0.00 ms.
Unloading 2051 Unused Serialized files (Serialized files now loaded: 0)
Unloading 21 unused Assets / (362.9 KB). Loaded Objects now: 2565.
Memory consumption went from 88.8 MB to 88.4 MB.
Total: 4.779700 ms (FindLiveObjects: 0.348000 ms CreateObjectMapping: 0.139900 ms MarkObjects: 3.931900 ms  DeleteObjects: 0.357500 ms)

AssetImportParameters requested are different than current active one (requested -> active):
  custom:video-decoder-ogg-theora: a1e56fd34408186e4bbccfd4996cb3dc -> 
  custom:container-muxer-webm: aa71ff27fc2769a1b78a27578f13a17b -> 
  custom:container-demuxer-webm: 4f35f7cbe854078d1ac9338744f61a02 -> 
  custom:video-encoder-webm-vp8: eb34c28f22e8b96e1ab97ce403110664 -> 
  custom:audio-encoder-webm-vorbis: bf7c407c2cedff20999df2af8eb42d56 -> 
  custom:framework-win-MediaFoundation: 216162199b28c13a410421893ffa2e32 -> 
  custom:container-demuxer-ogg: 62fdf1f143b41e24485cea50d1cbac27 -> 
  custom:video-decoder-webm-vp8: 9c59270c3fd7afecdb556c50c9e8de78 -> 
  custom:audio-decoder-ogg-vorbis: bf7c407c2cedff20999df2af8eb42d56 -> 
========================================================================
Received Import Request.
  Time since last request: 1370.414785 seconds.
  path: Assets/SteamVR/InteractionSystem/Longbow/Sounds/ArrowAir01.wav
  artifactKey: Guid(918ee1b51fd32d748a66d520586569ba) Importer(815301076,1909f56bfc062723c751e8b465ee728b)
Start importing Assets/SteamVR/InteractionSystem/Longbow/Sounds/ArrowAir01.wav using Guid(918ee1b51fd32d748a66d520586569ba) Importer(815301076,1909f56bfc062723c751e8b465ee728b)  -> (artifact id: '4ee69e9edaaff7f77c3f351f7665cfe2') in 0.152821 seconds 
========================================================================
Received Import Request.
  Time since last request: 0.000021 seconds.
  path: Assets/SteamVR/InteractionSystem/Longbow/Sounds/ArrowFallGround07.wav
  artifactKey: Guid(128eba63f6457ff41a65fbae1979778e) Importer(815301076,1909f56bfc062723c751e8b465ee728b)
Start importing Assets/SteamVR/InteractionSystem/Longbow/Sounds/ArrowFallGround07.wav using Guid(128eba63f6457ff41a65fbae1979778e) Importer(815301076,1909f56bfc062723c751e8b465ee728b)  -> (artifact id: '5f9f616887b5163fadc84b4f008160f8') in 0.014837 seconds 
========================================================================
Received Import Request.
  Time since last request: 0.000117 seconds.
  path: Assets/SteamVR/InteractionSystem/Longbow/Sounds/ArrowNock08.wav
  artifactKey: Guid(6ad90a1b9664a154592fabedc7cef551) Importer(815301076,1909f56bfc062723c751e8b465ee728b)
Start importing Assets/SteamVR/InteractionSystem/Longbow/Sounds/ArrowNock08.wav using Guid(6ad90a1b9664a154592fabedc7cef551) Importer(815301076,1909f56bfc062723c751e8b465ee728b)  -> (artifact id: 'c170b0244adf8ed9ce7555a9d23a1a16') in 0.029519 seconds 
========================================================================
Received Import Request.
  Time since last request: 0.000093 seconds.
  path: Assets/SteamVR/InteractionSystem/Longbow/Sounds/ArrowSpawn03.wav
  artifactKey: Guid(4188a37a2f8da3b4084af4e3ee9b6a31) Importer(815301076,1909f56bfc062723c751e8b465ee728b)
Start importing Assets/SteamVR/InteractionSystem/Longbow/Sounds/ArrowSpawn03.wav using Guid(4188a37a2f8da3b4084af4e3ee9b6a31) Importer(815301076,1909f56bfc062723c751e8b465ee728b)  -> (artifact id: 'f68218bffd506cf13f1bdddc1b5da8b8') in 0.028519 seconds 
========================================================================
Received Import Request.
  Time since last request: 0.000052 seconds.
  path: Assets/SteamVR/InteractionSystem/Longbow/Sounds/ArrowSpawn07.wav
  artifactKey: Guid(ebf848d63ce32d047a0acbc338e35371) Importer(815301076,1909f56bfc062723c751e8b465ee728b)
Start importing Assets/SteamVR/InteractionSystem/Longbow/Sounds/ArrowSpawn07.wav using Guid(ebf848d63ce32d047a0acbc338e35371) Importer(815301076,1909f56bfc062723c751e8b465ee728b)  -> (artifact id: '675aed85a19f8ba7afd317dbbc71db79') in 0.019331 seconds 
========================================================================
Received Import Request.
  Time since last request: 0.000034 seconds.
  path: Assets/SteamVR/InteractionSystem/Longbow/Sounds/ArrowAir03.wav
  artifactKey: Guid(efee776e88902a74684c56ce2962678f) Importer(815301076,1909f56bfc062723c751e8b465ee728b)
Start importing Assets/SteamVR/InteractionSystem/Longbow/Sounds/ArrowAir03.wav using Guid(efee776e88902a74684c56ce2962678f) Importer(815301076,1909f56bfc062723c751e8b465ee728b)  -> (artifact id: '67636ce92be339454358fed25a70b61d') in 0.021476 seconds 
========================================================================
Received Import Request.
  Time since last request: 0.000036 seconds.
  path: Assets/SteamVR/InteractionSystem/Longbow/Sounds/ArrowLaunchFire12.wav
  artifactKey: Guid(0f21ac54ede2fb1488c5719b33f0122d) Importer(815301076,1909f56bfc062723c751e8b465ee728b)
Start importing Assets/SteamVR/InteractionSystem/Longbow/Sounds/ArrowLaunchFire12.wav using Guid(0f21ac54ede2fb1488c5719b33f0122d) Importer(815301076,1909f56bfc062723c751e8b465ee728b)  -> (artifact id: '136fcefaef97154111682b92e8070ecc') in 0.020265 seconds 
========================================================================
Received Import Request.
  Time since last request: 0.000063 seconds.
  path: Assets/SteamVR/InteractionSystem/Longbow/Sounds/ArrowNock06.wav
  artifactKey: Guid(dd90b53139ec2fb4697f0cf3dceac679) Importer(815301076,1909f56bfc062723c751e8b465ee728b)
Start importing Assets/SteamVR/InteractionSystem/Longbow/Sounds/ArrowNock06.wav using Guid(dd90b53139ec2fb4697f0cf3dceac679) Importer(815301076,1909f56bfc062723c751e8b465ee728b)  -> (artifact id: 'a04089be660ebebf076eacdf6a6eabae') in 0.027640 seconds 
========================================================================
Received Import Request.
  Time since last request: 0.000098 seconds.
  path: Assets/SteamVR/InteractionSystem/Longbow/Sounds/ArrowAir09.wav
  artifactKey: Guid(62bdcbc5f3d6b3f43844cc7b849f0448) Importer(815301076,1909f56bfc062723c751e8b465ee728b)
Start importing Assets/SteamVR/InteractionSystem/Longbow/Sounds/ArrowAir09.wav using Guid(62bdcbc5f3d6b3f43844cc7b849f0448) Importer(815301076,1909f56bfc062723c751e8b465ee728b)  -> (artifact id: '2866511a2c03331fa6016805f8484caa') in 0.022515 seconds 
========================================================================
Received Import Request.
  Time since last request: 0.000127 seconds.
  path: Assets/SteamVR/InteractionSystem/Longbow/Sounds/ArrowRelease01.wav
  artifactKey: Guid(5dea26c1298d78149af149b8bd73ff63) Importer(815301076,1909f56bfc062723c751e8b465ee728b)
Start importing Assets/SteamVR/InteractionSystem/Longbow/Sounds/ArrowRelease01.wav using Guid(5dea26c1298d78149af149b8bd73ff63) Importer(815301076,1909f56bfc062723c751e8b465ee728b)  -> (artifact id: '034ce72cdf29c75cc17250cdad86efd0') in 0.033633 seconds 
========================================================================
Received Import Request.
  Time since last request: 0.000046 seconds.
  path: Assets/SteamVR/InteractionSystem/Longbow/Sounds/ArrowLaunchFire10.wav
  artifactKey: Guid(07052560d042e0e4ba61076ebb2e1b94) Importer(815301076,1909f56bfc062723c751e8b465ee728b)
Start importing Assets/SteamVR/InteractionSystem/Longbow/Sounds/ArrowLaunchFire10.wav using Guid(07052560d042e0e4ba61076ebb2e1b94) Importer(815301076,1909f56bfc062723c751e8b465ee728b)  -> (artifact id: '0a34fcb60e20527b4e0b4c12afa71f2c') in 0.011690 seconds 
========================================================================
Received Import Request.
  Time since last request: 0.000018 seconds.
  path: Assets/SteamVR/InteractionSystem/Longbow/Sounds/ArrowNock15.wav
  artifactKey: Guid(f6870f0d62f5a624aabbd4e3e7bff65f) Importer(815301076,1909f56bfc062723c751e8b465ee728b)
Start importing Assets/SteamVR/InteractionSystem/Longbow/Sounds/ArrowNock15.wav using Guid(f6870f0d62f5a624aabbd4e3e7bff65f) Importer(815301076,1909f56bfc062723c751e8b465ee728b)  -> (artifact id: '277babfa3a7717d96ee378b89eaa5fca') in 0.032935 seconds 
========================================================================
Received Import Request.
  Time since last request: 0.000083 seconds.
  path: Assets/SteamVR/InteractionSystem/Longbow/Sounds/ArrowSpawn04.wav
  artifactKey: Guid(ca0f976ff76b04644a1332f3be4f344b) Importer(815301076,1909f56bfc062723c751e8b465ee728b)
Start importing Assets/SteamVR/InteractionSystem/Longbow/Sounds/ArrowSpawn04.wav using Guid(ca0f976ff76b04644a1332f3be4f344b) Importer(815301076,1909f56bfc062723c751e8b465ee728b)  -> (artifact id: 'df47a86943c6835359f128bdd7a957a2') in 0.021917 seconds 
========================================================================
Received Import Request.
  Time since last request: 0.000026 seconds.
  path: Assets/SteamVR/InteractionSystem/Longbow/Sounds/ArrowNock02.wav
  artifactKey: Guid(dde0cb3ddafcf014a8c42e805de893e8) Importer(815301076,1909f56bfc062723c751e8b465ee728b)
Start importing Assets/SteamVR/InteractionSystem/Longbow/Sounds/ArrowNock02.wav using Guid(dde0cb3ddafcf014a8c42e805de893e8) Importer(815301076,1909f56bfc062723c751e8b465ee728b)  -> (artifact id: 'dff56096b573a1fd5b56680b49ffdeea') in 0.027177 seconds 
========================================================================
Received Import Request.
  Time since last request: 0.000041 seconds.
  path: Assets/SteamVR/InteractionSystem/Longbow/Sounds/ArrowFallGround02.wav
  artifactKey: Guid(46bb1e3e014c28740ae8c96427da5270) Importer(815301076,1909f56bfc062723c751e8b465ee728b)
Start importing Assets/SteamVR/InteractionSystem/Longbow/Sounds/ArrowFallGround02.wav using Guid(46bb1e3e014c28740ae8c96427da5270) Importer(815301076,1909f56bfc062723c751e8b465ee728b)  -> (artifact id: '3ddd67f5366f79b158b224885b04bf59') in 0.015819 seconds 
========================================================================
Received Import Request.
  Time since last request: 0.000065 seconds.
  path: Assets/SteamVR/InteractionSystem/Longbow/Sounds/BalloonBounce01.wav
  artifactKey: Guid(465e24e196f24c3498bbd20246f9f1ca) Importer(815301076,1909f56bfc062723c751e8b465ee728b)
Start importing Assets/SteamVR/InteractionSystem/Longbow/Sounds/BalloonBounce01.wav using Guid(465e24e196f24c3498bbd20246f9f1ca) Importer(815301076,1909f56bfc062723c751e8b465ee728b)  -> (artifact id: '003cc92de8ad42dfbf96597ccf46bf9e') in 0.022878 seconds 
========================================================================
Received Import Request.
  Time since last request: 0.000045 seconds.
  path: Assets/SteamVR/InteractionSystem/Longbow/Sounds/ArrowLaunchFire01.wav
  artifactKey: Guid(4bb527c4eb5b08c44b8d24a14a6ab3ce) Importer(815301076,1909f56bfc062723c751e8b465ee728b)
Start importing Assets/SteamVR/InteractionSystem/Longbow/Sounds/ArrowLaunchFire01.wav using Guid(4bb527c4eb5b08c44b8d24a14a6ab3ce) Importer(815301076,1909f56bfc062723c751e8b465ee728b)  -> (artifact id: '339d566361e1e45460306f1a336b9b48') in 0.012799 seconds 
========================================================================
Received Import Request.
  Time since last request: 0.000077 seconds.
  path: Assets/SteamVR/InteractionSystem/Longbow/Sounds/ArrowNock09.wav
  artifactKey: Guid(8f094810949516a41a720a40a87d29cc) Importer(815301076,1909f56bfc062723c751e8b465ee728b)
Start importing Assets/SteamVR/InteractionSystem/Longbow/Sounds/ArrowNock09.wav using Guid(8f094810949516a41a720a40a87d29cc) Importer(815301076,1909f56bfc062723c751e8b465ee728b)  -> (artifact id: '8a0dc1638e34b53dc15f0545d185f652') in 0.025700 seconds 
========================================================================
Received Import Request.
  Time since last request: 0.000028 seconds.
  path: Assets/SteamVR/InteractionSystem/Longbow/Sounds/ArrowHit05.wav
  artifactKey: Guid(beefd4b7702d5874994c17328dc55b24) Importer(815301076,1909f56bfc062723c751e8b465ee728b)
Start importing Assets/SteamVR/InteractionSystem/Longbow/Sounds/ArrowHit05.wav using Guid(beefd4b7702d5874994c17328dc55b24) Importer(815301076,1909f56bfc062723c751e8b465ee728b)  -> (artifact id: '7bffeba175387f458bd848d827268750') in 0.016415 seconds 
========================================================================
Received Import Request.
  Time since last request: 0.000096 seconds.
  path: Assets/SteamVR/InteractionSystem/Longbow/Sounds/ArrowNock14.wav
  artifactKey: Guid(ab9d0c5c3fa27b34685e9b70737e281a) Importer(815301076,1909f56bfc062723c751e8b465ee728b)
Start importing Assets/SteamVR/InteractionSystem/Longbow/Sounds/ArrowNock14.wav using Guid(ab9d0c5c3fa27b34685e9b70737e281a) Importer(815301076,1909f56bfc062723c751e8b465ee728b)  -> (artifact id: 'af439411a114a5641926be09b169eef2') in 0.033171 seconds 
========================================================================
Received Import Request.
  Time since last request: 0.000027 seconds.
  path: Assets/SteamVR/InteractionSystem/Longbow/Sounds/ArrowNock12.wav
  artifactKey: Guid(dfd9b0fa043e3fc43821c159432a045c) Importer(815301076,1909f56bfc062723c751e8b465ee728b)
Start importing Assets/SteamVR/InteractionSystem/Longbow/Sounds/ArrowNock12.wav using Guid(dfd9b0fa043e3fc43821c159432a045c) Importer(815301076,1909f56bfc062723c751e8b465ee728b)  -> (artifact id: 'ca1f628e8583796fa2e75c795f15260b') in 0.029457 seconds 
========================================================================
Received Import Request.
  Time since last request: 0.000016 seconds.
  path: Assets/SteamVR/InteractionSystem/Longbow/Sounds/ArrowNock03.wav
  artifactKey: Guid(36f326ccef0fe5546befe26be5ba337f) Importer(815301076,1909f56bfc062723c751e8b465ee728b)
Start importing Assets/SteamVR/InteractionSystem/Longbow/Sounds/ArrowNock03.wav using Guid(36f326ccef0fe5546befe26be5ba337f) Importer(815301076,1909f56bfc062723c751e8b465ee728b)  -> (artifact id: '5d56d1e4c5ab2188aa377c506f4e1c8d') in 0.024994 seconds 
========================================================================
Received Import Request.
  Time since last request: 0.000020 seconds.
  path: Assets/SteamVR/InteractionSystem/Longbow/Sounds/ArrowRelease02.wav
  artifactKey: Guid(f9d368eac27f70740bed52d36e0070d8) Importer(815301076,1909f56bfc062723c751e8b465ee728b)
Start importing Assets/SteamVR/InteractionSystem/Longbow/Sounds/ArrowRelease02.wav using Guid(f9d368eac27f70740bed52d36e0070d8) Importer(815301076,1909f56bfc062723c751e8b465ee728b)  -> (artifact id: '6163239e1ed1ed852f95aef137cd4c8d') in 0.032959 seconds 
========================================================================
Received Import Request.
  Time since last request: 0.000022 seconds.
  path: Assets/SteamVR/InteractionSystem/Longbow/Sounds/ArrowAir05.wav
  artifactKey: Guid(526033aedfcd8fa4893bd857ca331979) Importer(815301076,1909f56bfc062723c751e8b465ee728b)
Start importing Assets/SteamVR/InteractionSystem/Longbow/Sounds/ArrowAir05.wav using Guid(526033aedfcd8fa4893bd857ca331979) Importer(815301076,1909f56bfc062723c751e8b465ee728b)  -> (artifact id: '5b5b692c61538ce38a8e8d037728dd42') in 0.019245 seconds 
========================================================================
Received Import Request.
  Time since last request: 0.000022 seconds.
  path: Assets/SteamVR/InteractionSystem/Longbow/Sounds/ArrowNock11.wav
  artifactKey: Guid(4fee3982c922af44babfca8a11dffaca) Importer(815301076,1909f56bfc062723c751e8b465ee728b)
Start importing Assets/SteamVR/InteractionSystem/Longbow/Sounds/ArrowNock11.wav using Guid(4fee3982c922af44babfca8a11dffaca) Importer(815301076,1909f56bfc062723c751e8b465ee728b)  -> (artifact id: '3ee0ab820d5554712f36f7f483e0bcc7') in 0.019591 seconds 
========================================================================
Received Import Request.
  Time since last request: 0.000021 seconds.
  path: Assets/SteamVR/InteractionSystem/Longbow/Sounds/ArrowFallGround01.wav
  artifactKey: Guid(5dff85aa6aacb32469945a41190eadf8) Importer(815301076,1909f56bfc062723c751e8b465ee728b)
Start importing Assets/SteamVR/InteractionSystem/Longbow/Sounds/ArrowFallGround01.wav using Guid(5dff85aa6aacb32469945a41190eadf8) Importer(815301076,1909f56bfc062723c751e8b465ee728b)  -> (artifact id: '0d700fd4ddc68914230e333916cc3994') in 0.010779 seconds 
========================================================================
Received Import Request.
  Time since last request: 0.000018 seconds.
  path: Assets/SteamVR/InteractionSystem/Longbow/Sounds/ArrowNock04.wav
  artifactKey: Guid(d5aa741aac337e14398adda80505bf9c) Importer(815301076,1909f56bfc062723c751e8b465ee728b)
Start importing Assets/SteamVR/InteractionSystem/Longbow/Sounds/ArrowNock04.wav using Guid(d5aa741aac337e14398adda80505bf9c) Importer(815301076,1909f56bfc062723c751e8b465ee728b)  -> (artifact id: 'aaa4d15d516837d3183b3253618a3531') in 0.015272 seconds 
========================================================================
Received Import Request.
  Time since last request: 0.000019 seconds.
  path: Assets/SteamVR/InteractionSystem/Longbow/Sounds/ArrowAir04.wav
  artifactKey: Guid(adcc31e02dc74204c80c632b9844b681) Importer(815301076,1909f56bfc062723c751e8b465ee728b)
Start importing Assets/SteamVR/InteractionSystem/Longbow/Sounds/ArrowAir04.wav using Guid(adcc31e02dc74204c80c632b9844b681) Importer(815301076,1909f56bfc062723c751e8b465ee728b)  -> (artifact id: '16d51140937333360b88d555f3aa92ba') in 0.010829 seconds 
========================================================================
Received Import Request.
  Time since last request: 0.000028 seconds.
  path: Assets/SteamVR/InteractionSystem/Longbow/Sounds/ArrowSpawn02.wav
  artifactKey: Guid(6fdc84052ddcc024c9c9bafadc8c591e) Importer(815301076,1909f56bfc062723c751e8b465ee728b)
Start importing Assets/SteamVR/InteractionSystem/Longbow/Sounds/ArrowSpawn02.wav using Guid(6fdc84052ddcc024c9c9bafadc8c591e) Importer(815301076,1909f56bfc062723c751e8b465ee728b)  -> (artifact id: '87d43015fd19e4ecd0f9412c37d78cd5') in 0.014125 seconds 
========================================================================
Received Import Request.
  Time since last request: 0.000018 seconds.
  path: Assets/SteamVR/InteractionSystem/Longbow/Sounds/ArrowAir07.wav
  artifactKey: Guid(2f800f3498cfcb94a8f6a5f8553d8aef) Importer(815301076,1909f56bfc062723c751e8b465ee728b)
Start importing Assets/SteamVR/InteractionSystem/Longbow/Sounds/ArrowAir07.wav using Guid(2f800f3498cfcb94a8f6a5f8553d8aef) Importer(815301076,1909f56bfc062723c751e8b465ee728b)  -> (artifact id: 'a071c34ab51545625a62233f8f51c849') in 0.008841 seconds 
========================================================================
Received Import Request.
  Time since last request: 0.000016 seconds.
  path: Assets/SteamVR/InteractionSystem/Longbow/Sounds/ArrowLaunchFire06.wav
  artifactKey: Guid(f469358269d38b143b9f7bc2d6b57a29) Importer(815301076,1909f56bfc062723c751e8b465ee728b)
Start importing Assets/SteamVR/InteractionSystem/Longbow/Sounds/ArrowLaunchFire06.wav using Guid(f469358269d38b143b9f7bc2d6b57a29) Importer(815301076,1909f56bfc062723c751e8b465ee728b)  -> (artifact id: '4942fc0c9256fa3f691062539af71d02') in 0.010761 seconds 
========================================================================
Received Import Request.
  Time since last request: 0.000017 seconds.
  path: Assets/SteamVR/InteractionSystem/Longbow/Sounds/ArrowHit01.wav
  artifactKey: Guid(74068c08db651d34f81de9affa61f55d) Importer(815301076,1909f56bfc062723c751e8b465ee728b)
Start importing Assets/SteamVR/InteractionSystem/Longbow/Sounds/ArrowHit01.wav using Guid(74068c08db651d34f81de9affa61f55d) Importer(815301076,1909f56bfc062723c751e8b465ee728b)  -> (artifact id: '94c3d5d26ab67c35ef0ee3fcf57af368') in 0.009792 seconds 
========================================================================
Received Import Request.
  Time since last request: 0.000017 seconds.
  path: Assets/SteamVR/InteractionSystem/Longbow/Sounds/ArrowHit04.wav
  artifactKey: Guid(cef9a0102c9fe0c4fad4ebcf9ec72a45) Importer(815301076,1909f56bfc062723c751e8b465ee728b)
Start importing Assets/SteamVR/InteractionSystem/Longbow/Sounds/ArrowHit04.wav using Guid(cef9a0102c9fe0c4fad4ebcf9ec72a45) Importer(815301076,1909f56bfc062723c751e8b465ee728b)  -> (artifact id: '84f7d7208adae4d08e029957201c4192') in 0.008763 seconds 
========================================================================
Received Import Request.
  Time since last request: 0.000022 seconds.
  path: Assets/SteamVR/InteractionSystem/Longbow/Sounds/BalloonBounce07.wav
  artifactKey: Guid(891b9c1d17e50204a85ebdf71b6670f5) Importer(815301076,1909f56bfc062723c751e8b465ee728b)
Start importing Assets/SteamVR/InteractionSystem/Longbow/Sounds/BalloonBounce07.wav using Guid(891b9c1d17e50204a85ebdf71b6670f5) Importer(815301076,1909f56bfc062723c751e8b465ee728b)  -> (artifact id: '772a69e0b27d6907e299bd5e2e34d8e8') in 0.014734 seconds 
========================================================================
Received Import Request.
  Time since last request: 0.000017 seconds.
  path: Assets/SteamVR/InteractionSystem/Longbow/Sounds/ArrowSpawn08.wav
  artifactKey: Guid(1762632d09b8d184b80f483612ffb5f8) Importer(815301076,1909f56bfc062723c751e8b465ee728b)
Start importing Assets/SteamVR/InteractionSystem/Longbow/Sounds/ArrowSpawn08.wav using Guid(1762632d09b8d184b80f483612ffb5f8) Importer(815301076,1909f56bfc062723c751e8b465ee728b)  -> (artifact id: '34d1206a8b57c4a0add943ddc67aeb4f') in 0.014836 seconds 
========================================================================
Received Import Request.
  Time since last request: 0.000018 seconds.
  path: Assets/SteamVR/InteractionSystem/Longbow/Sounds/ArrowRelease06.wav
  artifactKey: Guid(0e1c54b10ce72f640a29eecbfced2363) Importer(815301076,1909f56bfc062723c751e8b465ee728b)
Start importing Assets/SteamVR/InteractionSystem/Longbow/Sounds/ArrowRelease06.wav using Guid(0e1c54b10ce72f640a29eecbfced2363) Importer(815301076,1909f56bfc062723c751e8b465ee728b)  -> (artifact id: '55de816176700ba7b860a85f3facc977') in 0.015126 seconds 
========================================================================
Received Import Request.
  Time since last request: 0.000016 seconds.
  path: Assets/SteamVR/InteractionSystem/Longbow/Sounds/ArrowAir08.wav
  artifactKey: Guid(eafd8df4914b6054db2b36a3aa4b4830) Importer(815301076,1909f56bfc062723c751e8b465ee728b)
Start importing Assets/SteamVR/InteractionSystem/Longbow/Sounds/ArrowAir08.wav using Guid(eafd8df4914b6054db2b36a3aa4b4830) Importer(815301076,1909f56bfc062723c751e8b465ee728b)  -> (artifact id: '43c180b409fdad9c4440bc0848ee39de') in 0.009642 seconds 
========================================================================
Received Import Request.
  Time since last request: 0.000018 seconds.
  path: Assets/SteamVR/InteractionSystem/Longbow/Sounds/ArrowLaunchFire04.wav
  artifactKey: Guid(39d2fc39182c11e4bba4ed719d778c0e) Importer(815301076,1909f56bfc062723c751e8b465ee728b)
Start importing Assets/SteamVR/InteractionSystem/Longbow/Sounds/ArrowLaunchFire04.wav using Guid(39d2fc39182c11e4bba4ed719d778c0e) Importer(815301076,1909f56bfc062723c751e8b465ee728b)  -> (artifact id: '510543204b4652e8edfdfac3bc8b035c') in 0.010640 seconds 
========================================================================
Received Import Request.
  Time since last request: 0.000015 seconds.
  path: Assets/SteamVR/InteractionSystem/Longbow/Sounds/ArrowSpawn01.wav
  artifactKey: Guid(f7c5046ea350a2c4b898e99dbca46c22) Importer(815301076,1909f56bfc062723c751e8b465ee728b)
Start importing Assets/SteamVR/InteractionSystem/Longbow/Sounds/ArrowSpawn01.wav using Guid(f7c5046ea350a2c4b898e99dbca46c22) Importer(815301076,1909f56bfc062723c751e8b465ee728b)  -> (artifact id: '0105cb77166575a34cdc79482944b9d5') in 0.014329 seconds 
========================================================================
Received Import Request.
  Time since last request: 0.000020 seconds.
  path: Assets/SteamVR/InteractionSystem/Longbow/Sounds/ArrowHit06.wav
  artifactKey: Guid(6e984feb46a04284e8c6ce4ebfd791d0) Importer(815301076,1909f56bfc062723c751e8b465ee728b)
Start importing Assets/SteamVR/InteractionSystem/Longbow/Sounds/ArrowHit06.wav using Guid(6e984feb46a04284e8c6ce4ebfd791d0) Importer(815301076,1909f56bfc062723c751e8b465ee728b)  -> (artifact id: '59bcda57d346307609e1860a0e436d89') in 0.008800 seconds 
========================================================================
Received Import Request.
  Time since last request: 0.000016 seconds.
  path: Assets/SteamVR/InteractionSystem/Longbow/Sounds/ArrowSpawn05.wav
  artifactKey: Guid(10f8d33967163484ba2752d8764afe51) Importer(815301076,1909f56bfc062723c751e8b465ee728b)
Start importing Assets/SteamVR/InteractionSystem/Longbow/Sounds/ArrowSpawn05.wav using Guid(10f8d33967163484ba2752d8764afe51) Importer(815301076,1909f56bfc062723c751e8b465ee728b)  -> (artifact id: 'f80c35d44a8777402e95567b5585896f') in 0.012436 seconds 
========================================================================
Received Import Request.
  Time since last request: 0.000016 seconds.
  path: Assets/SteamVR/InteractionSystem/Longbow/Sounds/ArrowRelease08.wav
  artifactKey: Guid(14d8c2eed68260f4d82a70201f2f19eb) Importer(815301076,1909f56bfc062723c751e8b465ee728b)
Start importing Assets/SteamVR/InteractionSystem/Longbow/Sounds/ArrowRelease08.wav using Guid(14d8c2eed68260f4d82a70201f2f19eb) Importer(815301076,1909f56bfc062723c751e8b465ee728b)  -> (artifact id: 'b6b018e86793e7475c561afa812ff3bf') in 0.012206 seconds 
Editor requested this worker to shutdown with reason: Scaling down because of idle timeout
AssetImportWorker is now disconnected from the server
Process exiting
Exiting without the bug reporter. Application will terminate with return code 0